2022-06-20 19:13:41,517 - matplotlib.pyplot - DEBUG - Loaded backend module://matplotlib_inline.backend_inline version unknown.
2022-06-20 19:13:41,517 - matplotlib.pyplot - DEBUG - Loaded backend module://matplotlib_inline.backend_inline version unknown.
2022-06-20 19:13:41,517 - matplotlib.pyplot - DEBUG - Loaded backend module://matplotlib_inline.backend_inline version unknown.
2022-06-20 19:13:41,517 - matplotlib.pyplot - DEBUG - Loaded backend module://matplotlib_inline.backend_inline version unknown.
2022-06-20 19:13:41,517 - matplotlib.pyplot - DEBUG - Loaded backend module://matplotlib_inline.backend_inline version unknown.
2022-06-20 19:13:49,780 - matplotlib.colorbar - DEBUG - locator: <matplotlib.ticker.AutoLocator object at 0x000001A542CA27D0>
2022-06-20 19:13:49,780 - matplotlib.colorbar - DEBUG - locator: <matplotlib.ticker.AutoLocator object at 0x000001A542CA27D0>
2022-06-20 19:13:49,780 - matplotlib.colorbar - DEBUG - locator: <matplotlib.ticker.AutoLocator object at 0x000001A542CA27D0>
2022-06-20 19:13:49,780 - matplotlib.colorbar - DEBUG - locator: <matplotlib.ticker.AutoLocator object at 0x000001A542CA27D0>
2022-06-20 19:13:49,780 - matplotlib.colorbar - DEBUG - locator: <matplotlib.ticker.AutoLocator object at 0x000001A542CA27D0>
2022-06-20 19:13:49,780 - matplotlib.colorbar - DEBUG - locator: <matplotlib.ticker.AutoLocator object at 0x000001A542CA27D0>
2022-06-20 19:13:49,798 - matplotlib.axes._base - DEBUG - top of Axes not in the figure, so title not moved
2022-06-20 19:13:49,798 - matplotlib.axes._base - DEBUG - top of Axes not in the figure, so title not moved
2022-06-20 19:13:49,798 - matplotlib.axes._base - DEBUG - top of Axes not in the figure, so title not moved
2022-06-20 19:13:49,798 - matplotlib.axes._base - DEBUG - top of Axes not in the figure, so title not moved
2022-06-20 19:13:49,798 - matplotlib.axes._base - DEBUG - top of Axes not in the figure, so title not moved
2022-06-20 19:13:49,798 - matplotlib.axes._base - DEBUG - top of Axes not in the figure, so title not moved
2022-06-20 19:13:49,816 - matplotlib.axes._base - DEBUG - top of Axes not in the figure, so title not moved
2022-06-20 19:13:49,816 - matplotlib.axes._base - DEBUG - top of Axes not in the figure, so title not moved
2022-06-20 19:13:49,816 - matplotlib.axes._base - DEBUG - top of Axes not in the figure, so title not moved
2022-06-20 19:13:49,816 - matplotlib.axes._base - DEBUG - top of Axes not in the figure, so title not moved
2022-06-20 19:13:49,816 - matplotlib.axes._base - DEBUG - top of Axes not in the figure, so title not moved
2022-06-20 19:13:49,816 - matplotlib.axes._base - DEBUG - top of Axes not in the figure, so title not moved
2022-06-20 19:13:49,827 - matplotlib.axes._base - DEBUG - top of Axes not in the figure, so title not moved
2022-06-20 19:13:49,827 - matplotlib.axes._base - DEBUG - top of Axes not in the figure, so title not moved
2022-06-20 19:13:49,827 - matplotlib.axes._base - DEBUG - top of Axes not in the figure, so title not moved
2022-06-20 19:13:49,827 - matplotlib.axes._base - DEBUG - top of Axes not in the figure, so title not moved
2022-06-20 19:13:49,827 - matplotlib.axes._base - DEBUG - top of Axes not in the figure, so title not moved
2022-06-20 19:13:49,827 - matplotlib.axes._base - DEBUG - top of Axes not in the figure, so title not moved
2022-06-20 19:13:49,839 - matplotlib.axes._base - DEBUG - top of Axes not in the figure, so title not moved
2022-06-20 19:13:49,839 - matplotlib.axes._base - DEBUG - top of Axes not in the figure, so title not moved
2022-06-20 19:13:49,839 - matplotlib.axes._base - DEBUG - top of Axes not in the figure, so title not moved
2022-06-20 19:13:49,839 - matplotlib.axes._base - DEBUG - top of Axes not in the figure, so title not moved
2022-06-20 19:13:49,839 - matplotlib.axes._base - DEBUG - top of Axes not in the figure, so title not moved
2022-06-20 19:13:49,839 - matplotlib.axes._base - DEBUG - top of Axes not in the figure, so title not moved
2022-06-20 19:13:49,851 - matplotlib.axes._base - DEBUG - top of Axes not in the figure, so title not moved
2022-06-20 19:13:49,851 - matplotlib.axes._base - DEBUG - top of Axes not in the figure, so title not moved
2022-06-20 19:13:49,851 - matplotlib.axes._base - DEBUG - top of Axes not in the figure, so title not moved
2022-06-20 19:13:49,851 - matplotlib.axes._base - DEBUG - top of Axes not in the figure, so title not moved
2022-06-20 19:13:49,851 - matplotlib.axes._base - DEBUG - top of Axes not in the figure, so title not moved
2022-06-20 19:13:49,851 - matplotlib.axes._base - DEBUG - top of Axes not in the figure, so title not moved
2022-06-20 19:13:55,817 - matplotlib.legend - WARNING - No artists with labels found to put in legend.  Note that artists whose label start with an underscore are ignored when legend() is called with no argument.
2022-06-20 19:13:55,817 - matplotlib.legend - WARNING - No artists with labels found to put in legend.  Note that artists whose label start with an underscore are ignored when legend() is called with no argument.
2022-06-20 19:13:55,817 - matplotlib.legend - WARNING - No artists with labels found to put in legend.  Note that artists whose label start with an underscore are ignored when legend() is called with no argument.
2022-06-20 19:13:55,817 - matplotlib.legend - WARNING - No artists with labels found to put in legend.  Note that artists whose label start with an underscore are ignored when legend() is called with no argument.
2022-06-20 19:13:55,817 - matplotlib.legend - WARNING - No artists with labels found to put in legend.  Note that artists whose label start with an underscore are ignored when legend() is called with no argument.
2022-06-20 19:13:55,817 - matplotlib.legend - WARNING - No artists with labels found to put in legend.  Note that artists whose label start with an underscore are ignored when legend() is called with no argument.
2022-06-20 19:13:55,879 - matplotlib.axes._base - DEBUG - top of Axes not in the figure, so title not moved
2022-06-20 19:13:55,879 - matplotlib.axes._base - DEBUG - top of Axes not in the figure, so title not moved
2022-06-20 19:13:55,879 - matplotlib.axes._base - DEBUG - top of Axes not in the figure, so title not moved
2022-06-20 19:13:55,879 - matplotlib.axes._base - DEBUG - top of Axes not in the figure, so title not moved
2022-06-20 19:13:55,879 - matplotlib.axes._base - DEBUG - top of Axes not in the figure, so title not moved
2022-06-20 19:13:55,879 - matplotlib.axes._base - DEBUG - top of Axes not in the figure, so title not moved
2022-06-20 19:13:55,902 - matplotlib.axes._base - DEBUG - top of Axes not in the figure, so title not moved
2022-06-20 19:13:55,902 - matplotlib.axes._base - DEBUG - top of Axes not in the figure, so title not moved
2022-06-20 19:13:55,902 - matplotlib.axes._base - DEBUG - top of Axes not in the figure, so title not moved
2022-06-20 19:13:55,902 - matplotlib.axes._base - DEBUG - top of Axes not in the figure, so title not moved
2022-06-20 19:13:55,902 - matplotlib.axes._base - DEBUG - top of Axes not in the figure, so title not moved
2022-06-20 19:13:55,902 - matplotlib.axes._base - DEBUG - top of Axes not in the figure, so title not moved
2022-06-20 19:13:55,918 - matplotlib.axes._base - DEBUG - top of Axes not in the figure, so title not moved
2022-06-20 19:13:55,918 - matplotlib.axes._base - DEBUG - top of Axes not in the figure, so title not moved
2022-06-20 19:13:55,918 - matplotlib.axes._base - DEBUG - top of Axes not in the figure, so title not moved
2022-06-20 19:13:55,918 - matplotlib.axes._base - DEBUG - top of Axes not in the figure, so title not moved
2022-06-20 19:13:55,918 - matplotlib.axes._base - DEBUG - top of Axes not in the figure, so title not moved
2022-06-20 19:13:55,918 - matplotlib.axes._base - DEBUG - top of Axes not in the figure, so title not moved
2022-06-20 19:13:55,942 - matplotlib.axes._base - DEBUG - top of Axes not in the figure, so title not moved
2022-06-20 19:13:55,942 - matplotlib.axes._base - DEBUG - top of Axes not in the figure, so title not moved
2022-06-20 19:13:55,942 - matplotlib.axes._base - DEBUG - top of Axes not in the figure, so title not moved
2022-06-20 19:13:55,942 - matplotlib.axes._base - DEBUG - top of Axes not in the figure, so title not moved
2022-06-20 19:13:55,942 - matplotlib.axes._base - DEBUG - top of Axes not in the figure, so title not moved
2022-06-20 19:13:55,942 - matplotlib.axes._base - DEBUG - top of Axes not in the figure, so title not moved
2022-06-20 19:13:55,988 - matplotlib.axes._base - DEBUG - top of Axes not in the figure, so title not moved
2022-06-20 19:13:55,988 - matplotlib.axes._base - DEBUG - top of Axes not in the figure, so title not moved
2022-06-20 19:13:55,988 - matplotlib.axes._base - DEBUG - top of Axes not in the figure, so title not moved
2022-06-20 19:13:55,988 - matplotlib.axes._base - DEBUG - top of Axes not in the figure, so title not moved
2022-06-20 19:13:55,988 - matplotlib.axes._base - DEBUG - top of Axes not in the figure, so title not moved
2022-06-20 19:13:55,988 - matplotlib.axes._base - DEBUG - top of Axes not in the figure, so title not moved
2022-06-20 19:19:08,316 - matplotlib.legend - WARNING - No artists with labels found to put in legend.  Note that artists whose label start with an underscore are ignored when legend() is called with no argument.
2022-06-20 19:19:08,316 - matplotlib.legend - WARNING - No artists with labels found to put in legend.  Note that artists whose label start with an underscore are ignored when legend() is called with no argument.
2022-06-20 19:19:08,316 - matplotlib.legend - WARNING - No artists with labels found to put in legend.  Note that artists whose label start with an underscore are ignored when legend() is called with no argument.
2022-06-20 19:19:08,316 - matplotlib.legend - WARNING - No artists with labels found to put in legend.  Note that artists whose label start with an underscore are ignored when legend() is called with no argument.
2022-06-20 19:19:08,316 - matplotlib.legend - WARNING - No artists with labels found to put in legend.  Note that artists whose label start with an underscore are ignored when legend() is called with no argument.
2022-06-20 19:19:08,316 - matplotlib.legend - WARNING - No artists with labels found to put in legend.  Note that artists whose label start with an underscore are ignored when legend() is called with no argument.
2022-06-20 19:19:08,379 - matplotlib.axes._base - DEBUG - top of Axes not in the figure, so title not moved
2022-06-20 19:19:08,379 - matplotlib.axes._base - DEBUG - top of Axes not in the figure, so title not moved
2022-06-20 19:19:08,379 - matplotlib.axes._base - DEBUG - top of Axes not in the figure, so title not moved
2022-06-20 19:19:08,379 - matplotlib.axes._base - DEBUG - top of Axes not in the figure, so title not moved
2022-06-20 19:19:08,379 - matplotlib.axes._base - DEBUG - top of Axes not in the figure, so title not moved
2022-06-20 19:19:08,379 - matplotlib.axes._base - DEBUG - top of Axes not in the figure, so title not moved
2022-06-20 19:19:08,403 - matplotlib.axes._base - DEBUG - top of Axes not in the figure, so title not moved
2022-06-20 19:19:08,403 - matplotlib.axes._base - DEBUG - top of Axes not in the figure, so title not moved
2022-06-20 19:19:08,403 - matplotlib.axes._base - DEBUG - top of Axes not in the figure, so title not moved
2022-06-20 19:19:08,403 - matplotlib.axes._base - DEBUG - top of Axes not in the figure, so title not moved
2022-06-20 19:19:08,403 - matplotlib.axes._base - DEBUG - top of Axes not in the figure, so title not moved
2022-06-20 19:19:08,403 - matplotlib.axes._base - DEBUG - top of Axes not in the figure, so title not moved
2022-06-20 19:19:08,419 - matplotlib.axes._base - DEBUG - top of Axes not in the figure, so title not moved
2022-06-20 19:19:08,419 - matplotlib.axes._base - DEBUG - top of Axes not in the figure, so title not moved
2022-06-20 19:19:08,419 - matplotlib.axes._base - DEBUG - top of Axes not in the figure, so title not moved
2022-06-20 19:19:08,419 - matplotlib.axes._base - DEBUG - top of Axes not in the figure, so title not moved
2022-06-20 19:19:08,419 - matplotlib.axes._base - DEBUG - top of Axes not in the figure, so title not moved
2022-06-20 19:19:08,419 - matplotlib.axes._base - DEBUG - top of Axes not in the figure, so title not moved
2022-06-20 19:19:08,443 - matplotlib.axes._base - DEBUG - top of Axes not in the figure, so title not moved
2022-06-20 19:19:08,443 - matplotlib.axes._base - DEBUG - top of Axes not in the figure, so title not moved
2022-06-20 19:19:08,443 - matplotlib.axes._base - DEBUG - top of Axes not in the figure, so title not moved
2022-06-20 19:19:08,443 - matplotlib.axes._base - DEBUG - top of Axes not in the figure, so title not moved
2022-06-20 19:19:08,443 - matplotlib.axes._base - DEBUG - top of Axes not in the figure, so title not moved
2022-06-20 19:19:08,443 - matplotlib.axes._base - DEBUG - top of Axes not in the figure, so title not moved
2022-06-20 19:19:08,491 - matplotlib.axes._base - DEBUG - top of Axes not in the figure, so title not moved
2022-06-20 19:19:08,491 - matplotlib.axes._base - DEBUG - top of Axes not in the figure, so title not moved
2022-06-20 19:19:08,491 - matplotlib.axes._base - DEBUG - top of Axes not in the figure, so title not moved
2022-06-20 19:19:08,491 - matplotlib.axes._base - DEBUG - top of Axes not in the figure, so title not moved
2022-06-20 19:19:08,491 - matplotlib.axes._base - DEBUG - top of Axes not in the figure, so title not moved
2022-06-20 19:19:08,491 - matplotlib.axes._base - DEBUG - top of Axes not in the figure, so title not moved
2022-06-20 19:19:20,556 - matplotlib.pyplot - DEBUG - Loaded backend module://matplotlib_inline.backend_inline version unknown.
2022-06-20 19:19:20,556 - matplotlib.pyplot - DEBUG - Loaded backend module://matplotlib_inline.backend_inline version unknown.
2022-06-20 19:19:20,556 - matplotlib.pyplot - DEBUG - Loaded backend module://matplotlib_inline.backend_inline version unknown.
2022-06-20 19:19:20,556 - matplotlib.pyplot - DEBUG - Loaded backend module://matplotlib_inline.backend_inline version unknown.
2022-06-20 19:19:20,556 - matplotlib.pyplot - DEBUG - Loaded backend module://matplotlib_inline.backend_inline version unknown.
2022-06-20 19:19:20,556 - matplotlib.pyplot - DEBUG - Loaded backend module://matplotlib_inline.backend_inline version unknown.
2022-06-20 19:19:29,557 - matplotlib.colorbar - DEBUG - locator: <matplotlib.ticker.AutoLocator object at 0x000001A54215DAB0>
2022-06-20 19:19:29,557 - matplotlib.colorbar - DEBUG - locator: <matplotlib.ticker.AutoLocator object at 0x000001A54215DAB0>
2022-06-20 19:19:29,557 - matplotlib.colorbar - DEBUG - locator: <matplotlib.ticker.AutoLocator object at 0x000001A54215DAB0>
2022-06-20 19:19:29,557 - matplotlib.colorbar - DEBUG - locator: <matplotlib.ticker.AutoLocator object at 0x000001A54215DAB0>
2022-06-20 19:19:29,557 - matplotlib.colorbar - DEBUG - locator: <matplotlib.ticker.AutoLocator object at 0x000001A54215DAB0>
2022-06-20 19:19:29,557 - matplotlib.colorbar - DEBUG - locator: <matplotlib.ticker.AutoLocator object at 0x000001A54215DAB0>
2022-06-20 19:19:29,557 - matplotlib.colorbar - DEBUG - locator: <matplotlib.ticker.AutoLocator object at 0x000001A54215DAB0>
2022-06-20 19:19:29,575 - matplotlib.axes._base - DEBUG - top of Axes not in the figure, so title not moved
2022-06-20 19:19:29,575 - matplotlib.axes._base - DEBUG - top of Axes not in the figure, so title not moved
2022-06-20 19:19:29,575 - matplotlib.axes._base - DEBUG - top of Axes not in the figure, so title not moved
2022-06-20 19:19:29,575 - matplotlib.axes._base - DEBUG - top of Axes not in the figure, so title not moved
2022-06-20 19:19:29,575 - matplotlib.axes._base - DEBUG - top of Axes not in the figure, so title not moved
2022-06-20 19:19:29,575 - matplotlib.axes._base - DEBUG - top of Axes not in the figure, so title not moved
2022-06-20 19:19:29,575 - matplotlib.axes._base - DEBUG - top of Axes not in the figure, so title not moved
2022-06-20 19:19:29,593 - matplotlib.axes._base - DEBUG - top of Axes not in the figure, so title not moved
2022-06-20 19:19:29,593 - matplotlib.axes._base - DEBUG - top of Axes not in the figure, so title not moved
2022-06-20 19:19:29,593 - matplotlib.axes._base - DEBUG - top of Axes not in the figure, so title not moved
2022-06-20 19:19:29,593 - matplotlib.axes._base - DEBUG - top of Axes not in the figure, so title not moved
2022-06-20 19:19:29,593 - matplotlib.axes._base - DEBUG - top of Axes not in the figure, so title not moved
2022-06-20 19:19:29,593 - matplotlib.axes._base - DEBUG - top of Axes not in the figure, so title not moved
2022-06-20 19:19:29,593 - matplotlib.axes._base - DEBUG - top of Axes not in the figure, so title not moved
2022-06-20 19:19:29,604 - matplotlib.axes._base - DEBUG - top of Axes not in the figure, so title not moved
2022-06-20 19:19:29,604 - matplotlib.axes._base - DEBUG - top of Axes not in the figure, so title not moved
2022-06-20 19:19:29,604 - matplotlib.axes._base - DEBUG - top of Axes not in the figure, so title not moved
2022-06-20 19:19:29,604 - matplotlib.axes._base - DEBUG - top of Axes not in the figure, so title not moved
2022-06-20 19:19:29,604 - matplotlib.axes._base - DEBUG - top of Axes not in the figure, so title not moved
2022-06-20 19:19:29,604 - matplotlib.axes._base - DEBUG - top of Axes not in the figure, so title not moved
2022-06-20 19:19:29,604 - matplotlib.axes._base - DEBUG - top of Axes not in the figure, so title not moved
2022-06-20 19:19:29,616 - matplotlib.axes._base - DEBUG - top of Axes not in the figure, so title not moved
2022-06-20 19:19:29,616 - matplotlib.axes._base - DEBUG - top of Axes not in the figure, so title not moved
2022-06-20 19:19:29,616 - matplotlib.axes._base - DEBUG - top of Axes not in the figure, so title not moved
2022-06-20 19:19:29,616 - matplotlib.axes._base - DEBUG - top of Axes not in the figure, so title not moved
2022-06-20 19:19:29,616 - matplotlib.axes._base - DEBUG - top of Axes not in the figure, so title not moved
2022-06-20 19:19:29,616 - matplotlib.axes._base - DEBUG - top of Axes not in the figure, so title not moved
2022-06-20 19:19:29,616 - matplotlib.axes._base - DEBUG - top of Axes not in the figure, so title not moved
2022-06-20 19:19:29,627 - matplotlib.axes._base - DEBUG - top of Axes not in the figure, so title not moved
2022-06-20 19:19:29,627 - matplotlib.axes._base - DEBUG - top of Axes not in the figure, so title not moved
2022-06-20 19:19:29,627 - matplotlib.axes._base - DEBUG - top of Axes not in the figure, so title not moved
2022-06-20 19:19:29,627 - matplotlib.axes._base - DEBUG - top of Axes not in the figure, so title not moved
2022-06-20 19:19:29,627 - matplotlib.axes._base - DEBUG - top of Axes not in the figure, so title not moved
2022-06-20 19:19:29,627 - matplotlib.axes._base - DEBUG - top of Axes not in the figure, so title not moved
2022-06-20 19:19:29,627 - matplotlib.axes._base - DEBUG - top of Axes not in the figure, so title not moved
2022-06-20 19:19:35,564 - matplotlib.legend - WARNING - No artists with labels found to put in legend.  Note that artists whose label start with an underscore are ignored when legend() is called with no argument.
2022-06-20 19:19:35,564 - matplotlib.legend - WARNING - No artists with labels found to put in legend.  Note that artists whose label start with an underscore are ignored when legend() is called with no argument.
2022-06-20 19:19:35,564 - matplotlib.legend - WARNING - No artists with labels found to put in legend.  Note that artists whose label start with an underscore are ignored when legend() is called with no argument.
2022-06-20 19:19:35,564 - matplotlib.legend - WARNING - No artists with labels found to put in legend.  Note that artists whose label start with an underscore are ignored when legend() is called with no argument.
2022-06-20 19:19:35,564 - matplotlib.legend - WARNING - No artists with labels found to put in legend.  Note that artists whose label start with an underscore are ignored when legend() is called with no argument.
2022-06-20 19:19:35,564 - matplotlib.legend - WARNING - No artists with labels found to put in legend.  Note that artists whose label start with an underscore are ignored when legend() is called with no argument.
2022-06-20 19:19:35,564 - matplotlib.legend - WARNING - No artists with labels found to put in legend.  Note that artists whose label start with an underscore are ignored when legend() is called with no argument.
2022-06-20 19:19:35,639 - matplotlib.axes._base - DEBUG - top of Axes not in the figure, so title not moved
2022-06-20 19:19:35,639 - matplotlib.axes._base - DEBUG - top of Axes not in the figure, so title not moved
2022-06-20 19:19:35,639 - matplotlib.axes._base - DEBUG - top of Axes not in the figure, so title not moved
2022-06-20 19:19:35,639 - matplotlib.axes._base - DEBUG - top of Axes not in the figure, so title not moved
2022-06-20 19:19:35,639 - matplotlib.axes._base - DEBUG - top of Axes not in the figure, so title not moved
2022-06-20 19:19:35,639 - matplotlib.axes._base - DEBUG - top of Axes not in the figure, so title not moved
2022-06-20 19:19:35,639 - matplotlib.axes._base - DEBUG - top of Axes not in the figure, so title not moved
2022-06-20 19:19:35,662 - matplotlib.axes._base - DEBUG - top of Axes not in the figure, so title not moved
2022-06-20 19:19:35,662 - matplotlib.axes._base - DEBUG - top of Axes not in the figure, so title not moved
2022-06-20 19:19:35,662 - matplotlib.axes._base - DEBUG - top of Axes not in the figure, so title not moved
2022-06-20 19:19:35,662 - matplotlib.axes._base - DEBUG - top of Axes not in the figure, so title not moved
2022-06-20 19:19:35,662 - matplotlib.axes._base - DEBUG - top of Axes not in the figure, so title not moved
2022-06-20 19:19:35,662 - matplotlib.axes._base - DEBUG - top of Axes not in the figure, so title not moved
2022-06-20 19:19:35,662 - matplotlib.axes._base - DEBUG - top of Axes not in the figure, so title not moved
2022-06-20 19:19:35,679 - matplotlib.axes._base - DEBUG - top of Axes not in the figure, so title not moved
2022-06-20 19:19:35,679 - matplotlib.axes._base - DEBUG - top of Axes not in the figure, so title not moved
2022-06-20 19:19:35,679 - matplotlib.axes._base - DEBUG - top of Axes not in the figure, so title not moved
2022-06-20 19:19:35,679 - matplotlib.axes._base - DEBUG - top of Axes not in the figure, so title not moved
2022-06-20 19:19:35,679 - matplotlib.axes._base - DEBUG - top of Axes not in the figure, so title not moved
2022-06-20 19:19:35,679 - matplotlib.axes._base - DEBUG - top of Axes not in the figure, so title not moved
2022-06-20 19:19:35,679 - matplotlib.axes._base - DEBUG - top of Axes not in the figure, so title not moved
2022-06-20 19:19:35,708 - matplotlib.axes._base - DEBUG - top of Axes not in the figure, so title not moved
2022-06-20 19:19:35,708 - matplotlib.axes._base - DEBUG - top of Axes not in the figure, so title not moved
2022-06-20 19:19:35,708 - matplotlib.axes._base - DEBUG - top of Axes not in the figure, so title not moved
2022-06-20 19:19:35,708 - matplotlib.axes._base - DEBUG - top of Axes not in the figure, so title not moved
2022-06-20 19:19:35,708 - matplotlib.axes._base - DEBUG - top of Axes not in the figure, so title not moved
2022-06-20 19:19:35,708 - matplotlib.axes._base - DEBUG - top of Axes not in the figure, so title not moved
2022-06-20 19:19:35,708 - matplotlib.axes._base - DEBUG - top of Axes not in the figure, so title not moved
2022-06-20 19:19:35,755 - matplotlib.axes._base - DEBUG - top of Axes not in the figure, so title not moved
2022-06-20 19:19:35,755 - matplotlib.axes._base - DEBUG - top of Axes not in the figure, so title not moved
2022-06-20 19:19:35,755 - matplotlib.axes._base - DEBUG - top of Axes not in the figure, so title not moved
2022-06-20 19:19:35,755 - matplotlib.axes._base - DEBUG - top of Axes not in the figure, so title not moved
2022-06-20 19:19:35,755 - matplotlib.axes._base - DEBUG - top of Axes not in the figure, so title not moved
2022-06-20 19:19:35,755 - matplotlib.axes._base - DEBUG - top of Axes not in the figure, so title not moved
2022-06-20 19:19:35,755 - matplotlib.axes._base - DEBUG - top of Axes not in the figure, so title not moved
